<?xml version="1.0" encoding="UTF-8"?>
<!-- Generated by org.testng.reporters.JUnitReportReporter -->
<testsuite skipped="0" hostname="User" name="com.test.TestNgBasics" tests="2" failures="0" timestamp="2019-11-01T20:49:20 EDT" time="0.004" errors="0">
  <testcase name="Test2" time="0.003" classname="com.test.TestNgBasics"/>
  <testcase name="googleTitleTest" time="0.001" classname="com.test.TestNgBasics"/>
</testsuite> <!-- com.test.TestNgBasics -->
