<?xml version="1.0" encoding="UTF-8"?>
<!-- Generated by org.testng.reporters.JUnitReportReporter -->
<testsuite hostname="User" failures="0" tests="1" name="excelApachePOIconcept.TestNGDataDrivenExcel" time="0.000" errors="0" timestamp="2022-06-17T21:28:36 EDT" skipped="1">
  <testcase classname="excelApachePOIconcept.TestNGDataDrivenExcel" name="multipleUserSignOn" time="0.000">
    <skipped/>
  </testcase> <!-- multipleUserSignOn -->
  <system-out/>
</testsuite> <!-- excelApachePOIconcept.TestNGDataDrivenExcel -->
