<?xml version="1.0" encoding="UTF-8"?>
<!-- Generated by org.testng.reporters.JUnitReportReporter -->
<testsuite skipped="0" hostname="User" name="com.test.ValidationTest" tests="2" failures="0" timestamp="2019-11-01T20:49:20 EDT" time="24.944" errors="0">
  <testcase name="getTitle" time="12.655" classname="com.test.ValidationTest"/>
  <testcase name="googleLogoTest" time="12.289" classname="com.test.ValidationTest"/>
</testsuite> <!-- com.test.ValidationTest -->
