<?xml version="1.0" encoding="UTF-8"?>
<!-- Generated by org.testng.reporters.JUnitReportReporter -->
<testsuite hostname="User" failures="0" tests="5" name="testNGConcept.ParametrizeDataProvider" time="59.169" errors="0" timestamp="2020-10-22T00:07:15 EDT" skipped="0">
  <testcase classname="testNGConcept.ParametrizeDataProvider" name="multipleUserSignOn" time="9.441"/>
  <system-out/>
  <testcase classname="testNGConcept.ParametrizeDataProvider" name="multipleUserSignOn" time="13.929"/>
  <system-out/>
  <testcase classname="testNGConcept.ParametrizeDataProvider" name="multipleUserSignOn" time="9.762"/>
  <system-out/>
  <testcase classname="testNGConcept.ParametrizeDataProvider" name="multipleUserRegistration" time="11.784"/>
  <system-out/>
  <testcase classname="testNGConcept.ParametrizeDataProvider" name="multipleUserRegistration" time="14.253"/>
  <system-out/>
</testsuite> <!-- testNGConcept.ParametrizeDataProvider -->
