<?xml version="1.0" encoding="UTF-8"?>
<!-- Generated by org.testng.reporters.JUnitReportReporter -->
<testsuite hostname="User" failures="0" tests="5" name="testNGConcept.DataProviderDifferentClass" time="57.003" errors="0" timestamp="2020-10-22T00:15:54 EDT" skipped="0">
  <testcase classname="testNGConcept.DataProviderDifferentClass" name="multipleUserSignOn" time="9.659"/>
  <system-out/>
  <testcase classname="testNGConcept.DataProviderDifferentClass" name="multipleUserSignOn" time="13.636"/>
  <system-out/>
  <testcase classname="testNGConcept.DataProviderDifferentClass" name="multipleUserSignOn" time="13.141"/>
  <system-out/>
  <testcase classname="testNGConcept.DataProviderDifferentClass" name="multipleUserRegistration" time="10.646"/>
  <system-out/>
  <testcase classname="testNGConcept.DataProviderDifferentClass" name="multipleUserRegistration" time="9.921"/>
  <system-out/>
</testsuite> <!-- testNGConcept.DataProviderDifferentClass -->
