<?xml version="1.0" encoding="UTF-8"?>
<!-- Generated by org.testng.reporters.JUnitReportReporter -->
<testsuite hostname="User" failures="0" tests="2" name="testNGConcept.BasicScript2" time="3.448" errors="0" timestamp="2020-10-22T12:14:35 EDT" skipped="0">
  <testcase classname="testNGConcept.BasicScript2" name="getSupportPageTitle" time="2.811"/>
  <system-out/>
  <testcase classname="testNGConcept.BasicScript2" name="getContactPageTitle" time="0.637"/>
  <system-out/>
</testsuite> <!-- testNGConcept.BasicScript2 -->
