<?xml version="1.0" encoding="UTF-8"?>
<!-- Generated by org.testng.reporters.JUnitReportReporter -->
<testsuite skipped="0" hostname="User" name="com.test.ExceptionTimeOutTest" tests="1" failures="0" timestamp="2019-11-01T20:49:20 EDT" time="0.006" errors="0">
  <testcase name="expectedException" time="0.006" classname="com.test.ExceptionTimeOutTest"/>
</testsuite> <!-- com.test.ExceptionTimeOutTest -->
