<?xml version="1.0" encoding="UTF-8"?>
<!-- Generated by org.testng.reporters.JUnitReportReporter -->
<testsuite hostname="User" failures="0" tests="2" name="testNGConcept.BasicScript" time="1.532" errors="0" timestamp="2020-10-20T23:01:12 EDT" skipped="0">
  <testcase classname="testNGConcept.BasicScript" name="getLangdingUrl" time="0.042"/>
  <system-out/>
  <testcase classname="testNGConcept.BasicScript" name="getSignOnPageTitle" time="1.490"/>
  <system-out/>
</testsuite> <!-- testNGConcept.BasicScript -->
